{"@timestamp":"2025-10-05T18:32:34.1207198+03:00","@version":"1","message":"Starting WorkerServiceAppApplication using Java 25 with PID 31324 (C:\\IdeaProjects\\VehicleRentProject\\worker-service\\worker-service-app\\target\\classes started by Анастасия in C:\\IdeaProjects\\VehicleRentProject\\worker-service)","logger_name":"rent.vehicle.workerserviceapp.WorkerServiceAppApplication","thread_name":"main","level":"INFO","level_value":20000}
{"@timestamp":"2025-10-05T18:32:34.1286982+03:00","@version":"1","message":"No active profile set, falling back to 1 default profile: \"default\"","logger_name":"rent.vehicle.workerserviceapp.WorkerServiceAppApplication","thread_name":"main","level":"INFO","level_value":20000}
{"@timestamp":"2025-10-05T18:32:34.8311821+03:00","@version":"1","message":"Bootstrapping Spring Data JPA repositories in DEFAULT mode.","logger_name":"org.springframework.data.repository.config.RepositoryConfigurationDelegate","thread_name":"main","level":"INFO","level_value":20000}
{"@timestamp":"2025-10-05T18:32:35.0765201+03:00","@version":"1","message":"Finished Spring Data repository scanning in 235 ms. Found 2 JPA repository interfaces.","logger_name":"org.springframework.data.repository.config.RepositoryConfigurationDelegate","thread_name":"main","level":"INFO","level_value":20000}
{"@timestamp":"2025-10-05T18:32:35.9183383+03:00","@version":"1","message":"Tomcat initialized with port(s): 8080 (http)","logger_name":"org.springframework.boot.web.embedded.tomcat.TomcatWebServer","thread_name":"main","level":"INFO","level_value":20000}
{"@timestamp":"2025-10-05T18:32:35.9281863+03:00","@version":"1","message":"Starting service [Tomcat]","logger_name":"org.apache.catalina.core.StandardService","thread_name":"main","level":"INFO","level_value":20000}
{"@timestamp":"2025-10-05T18:32:35.9281863+03:00","@version":"1","message":"Starting Servlet engine: [Apache Tomcat/10.1.16]","logger_name":"org.apache.catalina.core.StandardEngine","thread_name":"main","level":"INFO","level_value":20000}
{"@timestamp":"2025-10-05T18:32:36.0500288+03:00","@version":"1","message":"Initializing Spring embedded WebApplicationContext","logger_name":"org.apache.catalina.core.ContainerBase.[Tomcat].[localhost].[/]","thread_name":"main","level":"INFO","level_value":20000}
{"@timestamp":"2025-10-05T18:32:36.0500288+03:00","@version":"1","message":"Root WebApplicationContext: initialization completed in 1883 ms","logger_name":"org.springframework.boot.web.servlet.context.ServletWebServerApplicationContext","thread_name":"main","level":"INFO","level_value":20000}
{"@timestamp":"2025-10-05T18:32:36.1440156+03:00","@version":"1","message":"Driver class org.postgresql.Driver found in Thread context class loader jdk.internal.loader.ClassLoaders$AppClassLoader@764c12b6","logger_name":"com.zaxxer.hikari.HikariConfig","thread_name":"main","level":"DEBUG","level_value":10000}
{"@timestamp":"2025-10-05T18:32:36.2894616+03:00","@version":"1","message":"HHH000204: Processing PersistenceUnitInfo [name: default]","logger_name":"org.hibernate.jpa.internal.util.LogHelper","thread_name":"main","level":"INFO","level_value":20000}
{"@timestamp":"2025-10-05T18:32:36.3592755+03:00","@version":"1","message":"HHH000412: Hibernate ORM core version 6.2.13.Final","logger_name":"org.hibernate.Version","thread_name":"main","level":"INFO","level_value":20000}
{"@timestamp":"2025-10-05T18:32:36.364262+03:00","@version":"1","message":"HHH000406: Using bytecode reflection optimizer","logger_name":"org.hibernate.cfg.Environment","thread_name":"main","level":"INFO","level_value":20000}
{"@timestamp":"2025-10-05T18:32:36.7213074+03:00","@version":"1","message":"No LoadTimeWeaver setup: ignoring JPA class transformer","logger_name":"org.springframework.orm.jpa.persistenceunit.SpringPersistenceUnitInfo","thread_name":"main","level":"INFO","level_value":20000}
{"@timestamp":"2025-10-05T18:32:36.7492865+03:00","@version":"1","message":"HikariPool-1 - configuration:","logger_name":"com.zaxxer.hikari.HikariConfig","thread_name":"main","level":"DEBUG","level_value":10000}
{"@timestamp":"2025-10-05T18:32:36.7522256+03:00","@version":"1","message":"allowPoolSuspension.............false","logger_name":"com.zaxxer.hikari.HikariConfig","thread_name":"main","level":"DEBUG","level_value":10000}
{"@timestamp":"2025-10-05T18:32:36.7522256+03:00","@version":"1","message":"autoCommit......................true","logger_name":"com.zaxxer.hikari.HikariConfig","thread_name":"main","level":"DEBUG","level_value":10000}
{"@timestamp":"2025-10-05T18:32:36.7522256+03:00","@version":"1","message":"catalog.........................none","logger_name":"com.zaxxer.hikari.HikariConfig","thread_name":"main","level":"DEBUG","level_value":10000}
{"@timestamp":"2025-10-05T18:32:36.7522256+03:00","@version":"1","message":"connectionInitSql...............none","logger_name":"com.zaxxer.hikari.HikariConfig","thread_name":"main","level":"DEBUG","level_value":10000}
{"@timestamp":"2025-10-05T18:32:36.7532231+03:00","@version":"1","message":"connectionTestQuery.............none","logger_name":"com.zaxxer.hikari.HikariConfig","thread_name":"main","level":"DEBUG","level_value":10000}
{"@timestamp":"2025-10-05T18:32:36.7532231+03:00","@version":"1","message":"connectionTimeout...............30000","logger_name":"com.zaxxer.hikari.HikariConfig","thread_name":"main","level":"DEBUG","level_value":10000}
{"@timestamp":"2025-10-05T18:32:36.7532231+03:00","@version":"1","message":"dataSource......................none","logger_name":"com.zaxxer.hikari.HikariConfig","thread_name":"main","level":"DEBUG","level_value":10000}
{"@timestamp":"2025-10-05T18:32:36.7532231+03:00","@version":"1","message":"dataSourceClassName.............none","logger_name":"com.zaxxer.hikari.HikariConfig","thread_name":"main","level":"DEBUG","level_value":10000}
{"@timestamp":"2025-10-05T18:32:36.7532231+03:00","@version":"1","message":"dataSourceJNDI..................none","logger_name":"com.zaxxer.hikari.HikariConfig","thread_name":"main","level":"DEBUG","level_value":10000}
{"@timestamp":"2025-10-05T18:32:36.7542914+03:00","@version":"1","message":"dataSourceProperties............{password=<masked>}","logger_name":"com.zaxxer.hikari.HikariConfig","thread_name":"main","level":"DEBUG","level_value":10000}
{"@timestamp":"2025-10-05T18:32:36.7542914+03:00","@version":"1","message":"driverClassName.................\"org.postgresql.Driver\"","logger_name":"com.zaxxer.hikari.HikariConfig","thread_name":"main","level":"DEBUG","level_value":10000}
{"@timestamp":"2025-10-05T18:32:36.7542914+03:00","@version":"1","message":"exceptionOverrideClassName......none","logger_name":"com.zaxxer.hikari.HikariConfig","thread_name":"main","level":"DEBUG","level_value":10000}
{"@timestamp":"2025-10-05T18:32:36.7542914+03:00","@version":"1","message":"healthCheckProperties...........{}","logger_name":"com.zaxxer.hikari.HikariConfig","thread_name":"main","level":"DEBUG","level_value":10000}
{"@timestamp":"2025-10-05T18:32:36.7542914+03:00","@version":"1","message":"healthCheckRegistry.............none","logger_name":"com.zaxxer.hikari.HikariConfig","thread_name":"main","level":"DEBUG","level_value":10000}
{"@timestamp":"2025-10-05T18:32:36.7552177+03:00","@version":"1","message":"idleTimeout.....................300000","logger_name":"com.zaxxer.hikari.HikariConfig","thread_name":"main","level":"DEBUG","level_value":10000}
{"@timestamp":"2025-10-05T18:32:36.7552177+03:00","@version":"1","message":"initializationFailTimeout.......1","logger_name":"com.zaxxer.hikari.HikariConfig","thread_name":"main","level":"DEBUG","level_value":10000}
{"@timestamp":"2025-10-05T18:32:36.7552177+03:00","@version":"1","message":"isolateInternalQueries..........false","logger_name":"com.zaxxer.hikari.HikariConfig","thread_name":"main","level":"DEBUG","level_value":10000}
{"@timestamp":"2025-10-05T18:32:36.7552177+03:00","@version":"1","message":"jdbcUrl.........................jdbc:postgresql://pg-302f2abd-java57ivanproject.d.aivencloud.com:15889/defaultdb?sslmode=require","logger_name":"com.zaxxer.hikari.HikariConfig","thread_name":"main","level":"DEBUG","level_value":10000}
{"@timestamp":"2025-10-05T18:32:36.7552177+03:00","@version":"1","message":"keepaliveTime...................0","logger_name":"com.zaxxer.hikari.HikariConfig","thread_name":"main","level":"DEBUG","level_value":10000}
{"@timestamp":"2025-10-05T18:32:36.7552177+03:00","@version":"1","message":"leakDetectionThreshold..........5000","logger_name":"com.zaxxer.hikari.HikariConfig","thread_name":"main","level":"DEBUG","level_value":10000}
{"@timestamp":"2025-10-05T18:32:36.7562147+03:00","@version":"1","message":"maxLifetime.....................900000","logger_name":"com.zaxxer.hikari.HikariConfig","thread_name":"main","level":"DEBUG","level_value":10000}
{"@timestamp":"2025-10-05T18:32:36.7562147+03:00","@version":"1","message":"maximumPoolSize.................5","logger_name":"com.zaxxer.hikari.HikariConfig","thread_name":"main","level":"DEBUG","level_value":10000}
{"@timestamp":"2025-10-05T18:32:36.7562147+03:00","@version":"1","message":"metricRegistry..................none","logger_name":"com.zaxxer.hikari.HikariConfig","thread_name":"main","level":"DEBUG","level_value":10000}
{"@timestamp":"2025-10-05T18:32:36.7562147+03:00","@version":"1","message":"metricsTrackerFactory...........none","logger_name":"com.zaxxer.hikari.HikariConfig","thread_name":"main","level":"DEBUG","level_value":10000}
{"@timestamp":"2025-10-05T18:32:36.7576872+03:00","@version":"1","message":"minimumIdle.....................1","logger_name":"com.zaxxer.hikari.HikariConfig","thread_name":"main","level":"DEBUG","level_value":10000}
{"@timestamp":"2025-10-05T18:32:36.7576872+03:00","@version":"1","message":"password........................<masked>","logger_name":"com.zaxxer.hikari.HikariConfig","thread_name":"main","level":"DEBUG","level_value":10000}
{"@timestamp":"2025-10-05T18:32:36.7576872+03:00","@version":"1","message":"poolName........................\"HikariPool-1\"","logger_name":"com.zaxxer.hikari.HikariConfig","thread_name":"main","level":"DEBUG","level_value":10000}
{"@timestamp":"2025-10-05T18:32:36.7582092+03:00","@version":"1","message":"readOnly........................false","logger_name":"com.zaxxer.hikari.HikariConfig","thread_name":"main","level":"DEBUG","level_value":10000}
{"@timestamp":"2025-10-05T18:32:36.7582092+03:00","@version":"1","message":"registerMbeans..................false","logger_name":"com.zaxxer.hikari.HikariConfig","thread_name":"main","level":"DEBUG","level_value":10000}
{"@timestamp":"2025-10-05T18:32:36.7582092+03:00","@version":"1","message":"scheduledExecutor...............none","logger_name":"com.zaxxer.hikari.HikariConfig","thread_name":"main","level":"DEBUG","level_value":10000}
{"@timestamp":"2025-10-05T18:32:36.7582092+03:00","@version":"1","message":"schema..........................none","logger_name":"com.zaxxer.hikari.HikariConfig","thread_name":"main","level":"DEBUG","level_value":10000}
{"@timestamp":"2025-10-05T18:32:36.7582092+03:00","@version":"1","message":"threadFactory...................internal","logger_name":"com.zaxxer.hikari.HikariConfig","thread_name":"main","level":"DEBUG","level_value":10000}
{"@timestamp":"2025-10-05T18:32:36.7592375+03:00","@version":"1","message":"transactionIsolation............default","logger_name":"com.zaxxer.hikari.HikariConfig","thread_name":"main","level":"DEBUG","level_value":10000}
{"@timestamp":"2025-10-05T18:32:36.7592375+03:00","@version":"1","message":"username........................\"avnadmin\"","logger_name":"com.zaxxer.hikari.HikariConfig","thread_name":"main","level":"DEBUG","level_value":10000}
{"@timestamp":"2025-10-05T18:32:36.7592375+03:00","@version":"1","message":"validationTimeout...............5000","logger_name":"com.zaxxer.hikari.HikariConfig","thread_name":"main","level":"DEBUG","level_value":10000}
{"@timestamp":"2025-10-05T18:32:36.7592375+03:00","@version":"1","message":"HikariPool-1 - Starting...","logger_name":"com.zaxxer.hikari.HikariDataSource","thread_name":"main","level":"INFO","level_value":20000}
{"@timestamp":"2025-10-05T18:32:37.9084152+03:00","@version":"1","message":"HikariPool-1 - Added connection org.postgresql.jdbc.PgConnection@3355b8ff","logger_name":"com.zaxxer.hikari.pool.HikariPool","thread_name":"main","level":"INFO","level_value":20000}
{"@timestamp":"2025-10-05T18:32:37.9093819+03:00","@version":"1","message":"HikariPool-1 - Start completed.","logger_name":"com.zaxxer.hikari.HikariDataSource","thread_name":"main","level":"INFO","level_value":20000}
{"@timestamp":"2025-10-05T18:32:38.0120673+03:00","@version":"1","message":"HikariPool-1 - Before cleanup stats (total=1, active=1, idle=0, waiting=0)","logger_name":"com.zaxxer.hikari.pool.HikariPool","thread_name":"HikariPool-1 housekeeper","level":"DEBUG","level_value":10000}
{"@timestamp":"2025-10-05T18:32:38.0120673+03:00","@version":"1","message":"HikariPool-1 - After cleanup  stats (total=1, active=1, idle=0, waiting=0)","logger_name":"com.zaxxer.hikari.pool.HikariPool","thread_name":"HikariPool-1 housekeeper","level":"DEBUG","level_value":10000}
{"@timestamp":"2025-10-05T18:32:38.0211731+03:00","@version":"1","message":"HHH90000025: PostgreSQLDialect does not need to be specified explicitly using 'hibernate.dialect' (remove the property setting and it will be selected by default)","logger_name":"org.hibernate.orm.deprecation","thread_name":"main","level":"WARN","level_value":30000}
{"@timestamp":"2025-10-05T18:32:38.5409713+03:00","@version":"1","message":"HikariPool-1 - Added connection org.postgresql.jdbc.PgConnection@28bb753f","logger_name":"com.zaxxer.hikari.pool.HikariPool","thread_name":"HikariPool-1 connection adder","level":"DEBUG","level_value":10000}
{"@timestamp":"2025-10-05T18:32:38.5518334+03:00","@version":"1","message":"HikariPool-1 - After adding stats (total=2, active=0, idle=2, waiting=0)","logger_name":"com.zaxxer.hikari.pool.HikariPool","thread_name":"HikariPool-1 connection adder","level":"DEBUG","level_value":10000}
{"@timestamp":"2025-10-05T18:32:39.095869+03:00","@version":"1","message":"HHH000489: No JTA platform available (set 'hibernate.transaction.jta.platform' to enable JTA platform integration)","logger_name":"org.hibernate.engine.transaction.jta.platform.internal.JtaPlatformInitiator","thread_name":"main","level":"INFO","level_value":20000}
{"@timestamp":"2025-10-05T18:32:39.9206418+03:00","@version":"1","message":"Initialized JPA EntityManagerFactory for persistence unit 'default'","logger_name":"org.springframework.orm.jpa.LocalContainerEntityManagerFactoryBean","thread_name":"main","level":"INFO","level_value":20000}
{"@timestamp":"2025-10-05T18:32:40.5366676+03:00","@version":"1","message":"Hibernate is in classpath; If applicable, HQL parser will be used.","logger_name":"org.springframework.data.jpa.repository.query.QueryEnhancerFactory","thread_name":"main","level":"INFO","level_value":20000}
{"@timestamp":"2025-10-05T18:32:41.1750361+03:00","@version":"1","message":"spring.jpa.open-in-view is enabled by default. Therefore, database queries may be performed during view rendering. Explicitly configure spring.jpa.open-in-view to disable this warning","logger_name":"org.springframework.boot.autoconfigure.orm.jpa.JpaBaseConfiguration$JpaWebConfiguration","thread_name":"main","level":"WARN","level_value":30000}
{"@timestamp":"2025-10-05T18:32:41.8471722+03:00","@version":"1","message":"Tomcat started on port(s): 8080 (http) with context path ''","logger_name":"org.springframework.boot.web.embedded.tomcat.TomcatWebServer","thread_name":"main","level":"INFO","level_value":20000}
{"@timestamp":"2025-10-05T18:32:41.8521364+03:00","@version":"1","message":"Started WorkerServiceAppApplication in 8.561 seconds (process running for 9.442)","logger_name":"rent.vehicle.workerserviceapp.WorkerServiceAppApplication","thread_name":"main","level":"INFO","level_value":20000}
{"@timestamp":"2025-10-05T18:33:08.0136772+03:00","@version":"1","message":"HikariPool-1 - Before cleanup stats (total=2, active=0, idle=2, waiting=0)","logger_name":"com.zaxxer.hikari.pool.HikariPool","thread_name":"HikariPool-1 housekeeper","level":"DEBUG","level_value":10000}
{"@timestamp":"2025-10-05T18:33:08.0146386+03:00","@version":"1","message":"HikariPool-1 - After cleanup  stats (total=2, active=0, idle=2, waiting=0)","logger_name":"com.zaxxer.hikari.pool.HikariPool","thread_name":"HikariPool-1 housekeeper","level":"DEBUG","level_value":10000}
{"@timestamp":"2025-10-05T18:33:08.0146386+03:00","@version":"1","message":"HikariPool-1 - Fill pool skipped, pool has sufficient level or currently being filled (queueDepth=0).","logger_name":"com.zaxxer.hikari.pool.HikariPool","thread_name":"HikariPool-1 housekeeper","level":"DEBUG","level_value":10000}
{"@timestamp":"2025-10-05T18:33:38.0165242+03:00","@version":"1","message":"HikariPool-1 - Before cleanup stats (total=2, active=0, idle=2, waiting=0)","logger_name":"com.zaxxer.hikari.pool.HikariPool","thread_name":"HikariPool-1 housekeeper","level":"DEBUG","level_value":10000}
{"@timestamp":"2025-10-05T18:33:38.0165242+03:00","@version":"1","message":"HikariPool-1 - After cleanup  stats (total=2, active=0, idle=2, waiting=0)","logger_name":"com.zaxxer.hikari.pool.HikariPool","thread_name":"HikariPool-1 housekeeper","level":"DEBUG","level_value":10000}
{"@timestamp":"2025-10-05T18:33:38.0175309+03:00","@version":"1","message":"HikariPool-1 - Fill pool skipped, pool has sufficient level or currently being filled (queueDepth=0).","logger_name":"com.zaxxer.hikari.pool.HikariPool","thread_name":"HikariPool-1 housekeeper","level":"DEBUG","level_value":10000}
{"@timestamp":"2025-10-05T18:34:08.0200622+03:00","@version":"1","message":"HikariPool-1 - Before cleanup stats (total=2, active=0, idle=2, waiting=0)","logger_name":"com.zaxxer.hikari.pool.HikariPool","thread_name":"HikariPool-1 housekeeper","level":"DEBUG","level_value":10000}
{"@timestamp":"2025-10-05T18:34:08.0210593+03:00","@version":"1","message":"HikariPool-1 - After cleanup  stats (total=2, active=0, idle=2, waiting=0)","logger_name":"com.zaxxer.hikari.pool.HikariPool","thread_name":"HikariPool-1 housekeeper","level":"DEBUG","level_value":10000}
{"@timestamp":"2025-10-05T18:34:08.0210593+03:00","@version":"1","message":"HikariPool-1 - Fill pool skipped, pool has sufficient level or currently being filled (queueDepth=0).","logger_name":"com.zaxxer.hikari.pool.HikariPool","thread_name":"HikariPool-1 housekeeper","level":"DEBUG","level_value":10000}
{"@timestamp":"2025-10-05T18:34:21.0345371+03:00","@version":"1","message":"Closing JPA EntityManagerFactory for persistence unit 'default'","logger_name":"org.springframework.orm.jpa.LocalContainerEntityManagerFactoryBean","thread_name":"SpringApplicationShutdownHook","level":"INFO","level_value":20000}
{"@timestamp":"2025-10-05T18:34:21.069444+03:00","@version":"1","message":"HikariPool-1 - Shutdown initiated...","logger_name":"com.zaxxer.hikari.HikariDataSource","thread_name":"SpringApplicationShutdownHook","level":"INFO","level_value":20000}
{"@timestamp":"2025-10-05T18:34:21.069444+03:00","@version":"1","message":"HikariPool-1 - Before shutdown stats (total=2, active=0, idle=2, waiting=0)","logger_name":"com.zaxxer.hikari.pool.HikariPool","thread_name":"SpringApplicationShutdownHook","level":"DEBUG","level_value":10000}
{"@timestamp":"2025-10-05T18:34:21.0764247+03:00","@version":"1","message":"HikariPool-1 - Closing connection org.postgresql.jdbc.PgConnection@3355b8ff: (connection evicted)","logger_name":"com.zaxxer.hikari.pool.PoolBase","thread_name":"HikariPool-1 connection closer","level":"DEBUG","level_value":10000}
{"@timestamp":"2025-10-05T18:34:21.1683329+03:00","@version":"1","message":"HikariPool-1 - Closing connection org.postgresql.jdbc.PgConnection@28bb753f: (connection evicted)","logger_name":"com.zaxxer.hikari.pool.PoolBase","thread_name":"HikariPool-1 connection closer","level":"DEBUG","level_value":10000}
{"@timestamp":"2025-10-05T18:34:21.2437353+03:00","@version":"1","message":"HikariPool-1 - After shutdown stats (total=0, active=0, idle=0, waiting=0)","logger_name":"com.zaxxer.hikari.pool.HikariPool","thread_name":"SpringApplicationShutdownHook","level":"DEBUG","level_value":10000}
{"@timestamp":"2025-10-05T18:34:21.2437353+03:00","@version":"1","message":"HikariPool-1 - Shutdown completed.","logger_name":"com.zaxxer.hikari.HikariDataSource","thread_name":"SpringApplicationShutdownHook","level":"INFO","level_value":20000}
